<?xml version="1.0" encoding="UTF-8"?>
<!-- Generated by org.testng.reporters.JUnitXMLReporter -->
<testsuite hostname="Lenovo" ignored="2" name="Grouping_Concepts" tests="3" failures="0" timestamp="14 Aug 2020 02:33:33 GMT" time="0.29" errors="0">
  <testcase name="f1" time="0.087" classname="testngFramework.GroupingConcepts"/>
  <testcase name="f2" time="0.006" classname="testngFramework.GroupingConcepts"/>
  <testcase name="f3" time="0.008" classname="testngFramework.GroupingConcepts"/>
  <testcase name="f5" time="0.0" classname="testngFramework.GroupingConcepts">
    <ignored/>
  </testcase> <!-- f5 -->
  <testcase name="f4" time="0.0" classname="testngFramework.GroupingConcepts">
    <ignored/>
  </testcase> <!-- f4 -->
</testsuite> <!-- Grouping_Concepts -->
