<?xml version="1.0" encoding="UTF-8"?>
<!-- Generated by org.testng.reporters.JUnitXMLReporter -->
<testsuite hostname="Lenovo" ignored="0" name="webappsLogin_Login" tests="3" failures="0" timestamp="13 Aug 2020 02:36:19 GMT" time="23.005" errors="0">
  <testcase name="pageLoad" time="10.183" classname="testngFramework.webappsLogin"/>
  <testcase name="signIn" time="6.12" classname="testngFramework.webappsLogin"/>
  <testcase name="logIn" time="6.686" classname="testngFramework.webappsLogin"/>
</testsuite> <!-- webappsLogin_Login -->
