<?xml version="1.0" encoding="UTF-8"?>
<testng-results skipped="0" failed="0" ignored="0" total="2" passed="2">
  <reporter-output>
  </reporter-output>
  <suite name="Default suite" duration-ms="25144" started-at="2020-08-25T02:27:45Z" finished-at="2020-08-25T02:28:10Z">
    <groups>
    </groups>
    <test name="Default test" duration-ms="25144" started-at="2020-08-25T02:27:45Z" finished-at="2020-08-25T02:28:10Z">
      <class name="testngFramework.AutoItFileupload">
        <test-method status="PASS" signature="a_pageLoad()[pri:0, instance:testngFramework.AutoItFileupload@15d3402]" name="a_pageLoad" duration-ms="14719" started-at="2020-08-25T02:27:45Z" finished-at="2020-08-25T02:28:00Z">
          <reporter-output>
          </reporter-output>
        </test-method> <!-- a_pageLoad -->
        <test-method status="PASS" signature="b_fileUpload()[pri:0, instance:testngFramework.AutoItFileupload@15d3402]" name="b_fileUpload" duration-ms="10343" started-at="2020-08-25T02:28:00Z" finished-at="2020-08-25T02:28:10Z">
          <reporter-output>
          </reporter-output>
        </test-method> <!-- b_fileUpload -->
      </class> <!-- testngFramework.AutoItFileupload -->
    </test> <!-- Default test -->
  </suite> <!-- Default suite -->
</testng-results>
